TN:
SF:src\inventory\defaultTranslate.js
FN:12,defaultT
FNF:1
FNH:1
FNDA:3,defaultT
DA:3,1
DA:13,3
DA:14,3
LF:3
LH:3
BRDA:13,0,0,3
BRDA:13,0,1,1
BRF:2
BRH:2
end_of_record
TN:
SF:src\inventory\formatMessage.js
FN:1,formatMessage
FNF:1
FNH:1
FNDA:7,formatMessage
DA:2,7
DA:3,7
DA:4,5
DA:5,6
DA:8,7
LF:5
LH:5
BRDA:3,0,0,5
BRDA:3,0,1,2
BRF:2
BRH:2
end_of_record
TN:
SF:src\inventory\importValidation.js
FN:1,parseImportQuantity
FN:22,parseImportMoneyPositive
FN:38,normalizeImportRow
FN:58,tryNormalizeImportRow
FNF:4
FNH:4
FNDA:6,parseImportQuantity
FNDA:4,parseImportMoneyPositive
FNDA:3,normalizeImportRow
FNDA:1,tryNormalizeImportRow
DA:2,6
DA:3,3
DA:4,1
DA:6,2
DA:7,1
DA:9,1
DA:11,3
DA:12,6
DA:13,1
DA:15,2
DA:16,2
DA:17,0
DA:19,2
DA:23,4
DA:24,4
DA:25,1
DA:27,3
DA:28,3
DA:29,0
DA:31,3
DA:32,3
DA:33,1
DA:35,2
DA:39,3
DA:40,3
DA:41,2
DA:42,3
DA:43,3
DA:44,1
DA:45,1
DA:46,1
DA:47,1
DA:48,1
DA:49,1
DA:59,1
DA:60,1
DA:62,1
LF:37
LH:35
BRDA:2,0,0,3
BRDA:2,0,1,3
BRDA:2,1,0,6
BRDA:2,1,1,3
BRDA:3,2,0,1
BRDA:3,2,1,2
BRDA:3,3,0,3
BRDA:3,3,1,2
BRDA:6,4,0,1
BRDA:6,4,1,1
BRDA:11,5,0,3
BRDA:11,5,1,0
BRDA:12,6,0,1
BRDA:12,6,1,5
BRDA:16,7,0,0
BRDA:16,7,1,2
BRDA:16,8,0,2
BRDA:16,8,1,2
BRDA:23,9,0,4
BRDA:23,9,1,0
BRDA:24,10,0,1
BRDA:24,10,1,3
BRDA:24,11,0,4
BRDA:24,11,1,3
BRDA:28,12,0,0
BRDA:28,12,1,3
BRDA:32,13,0,1
BRDA:32,13,1,2
BRDA:32,14,0,3
BRDA:32,14,1,3
BRDA:39,15,0,0
BRDA:39,15,1,3
BRDA:40,16,0,1
BRDA:40,16,1,2
BRDA:41,17,0,1
BRDA:41,17,1,1
BRDA:42,18,0,1
BRDA:42,18,1,1
BRDA:43,19,0,1
BRDA:43,19,1,2
BRDA:44,20,0,0
BRDA:44,20,1,1
BRDA:62,21,0,1
BRDA:62,21,1,0
BRF:44
BRH:37
end_of_record
TN:
SF:src\inventory\parseCurrencySortValue.js
FN:1,parseCurrencySortValue
FNF:1
FNH:1
FNDA:6,parseCurrencySortValue
DA:2,6
DA:3,6
DA:4,6
LF:3
LH:3
BRDA:2,0,0,5
BRDA:2,0,1,1
BRDA:4,1,0,3
BRDA:4,1,1,3
BRF:4
BRH:4
end_of_record
TN:
SF:src\inventory\parseInventoryJson.js
FN:1,parseDataRowsFromJsonText
FNF:1
FNH:1
FNDA:5,parseDataRowsFromJsonText
DA:3,5
DA:4,5
DA:6,1
DA:8,4
DA:9,4
DA:10,1
DA:11,3
DA:12,3
DA:14,0
DA:16,4
DA:17,1
DA:19,3
DA:20,1
DA:22,2
LF:14
LH:13
BRDA:9,0,0,1
BRDA:9,0,1,3
BRDA:9,1,0,4
BRDA:9,1,1,4
BRDA:11,2,0,3
BRDA:11,2,1,0
BRDA:16,3,0,1
BRDA:16,3,1,3
BRDA:16,4,0,4
BRDA:16,4,1,4
BRDA:19,5,0,1
BRDA:19,5,1,2
BRF:12
BRH:11
end_of_record
